* using log directory 'C:/Users/Lalit/Documents/CODE/R/glee-r-pkg/gleeR-pkg/check_dir/gleeR.Rcheck'
* using R version 3.2.0 (2015-04-16)
* using platform: x86_64-w64-mingw32 (64-bit)
* using session charset: ISO8859-1
* checking for file 'gleeR/DESCRIPTION' ... OK
* this is package 'gleeR' version '0.1'
* checking package namespace information ... OK
* checking package dependencies ... OK
* checking if this is a source package ... OK
* checking if there is a namespace ... OK
* checking for executable files ... OK
* checking for hidden files and directories ... OK
* checking for portable file names ... OK
* checking whether package 'gleeR' can be installed ... OK
* checking installed package size ... OK
* checking package directory ... OK
* checking DESCRIPTION meta-information ... NOTE
Malformed Description field: should contain one or more complete sentences.
* checking top-level files ... OK
* checking for left-over files ... OK
* checking index information ... OK
* checking package subdirectories ... OK
* checking R files for non-ASCII characters ... OK
* checking R files for syntax errors ... OK
* checking whether the package can be loaded ... OK
* checking whether the package can be loaded with stated dependencies ... OK
* checking whether the package can be unloaded cleanly ... OK
* checking whether the namespace can be loaded with stated dependencies ... OK
* checking whether the namespace can be unloaded cleanly ... OK
* checking loading without being on the library search path ... OK
* checking dependencies in R code ... OK
* checking S3 generic/method consistency ... OK
* checking replacement functions ... OK
* checking foreign function calls ... OK
* checking R code for possible problems ... NOTE
calc_stn_pval: no visible binding for global variable '.'
getSTNdistrib: no visible binding for global variable 'xbarA'
getSTNdistrib: no visible binding for global variable 'xbarB'
getSTNdistrib: no visible binding for global variable 'model_stn_dist'
* checking Rd files ... OK
* checking Rd metadata ... OK
* checking Rd cross-references ... OK
* checking for missing documentation entries ... OK
* checking for code/documentation mismatches ... OK
* checking Rd \usage sections ... WARNING
Undocumented arguments in documentation object 'calc_stn_pval'
  'A' 'B' 'm' 'num_iter'

Undocumented arguments in documentation object 'calcs'
  'model' 'x'

Undocumented arguments in documentation object 'data_ok'
  'D' 'nA' 'nB'

Undocumented arguments in documentation object 'diff_exp_table'
  'stn_pval' 'Prot' 'num_digits'

Undocumented arguments in documentation object 'fit_model'
  'A' 'B' 'fit_type'

Undocumented arguments in documentation object 'getPvals'
  'model_stn' 'iter' 'model_stn_dist'

Undocumented arguments in documentation object 'getSTNdistrib'
  'A' 'nA' 'nB' 'iter' 'xbar0_replace' 'best_model'

Undocumented arguments in documentation object 'model_fit_plots'
  'm' 'outfile'

Undocumented arguments in documentation object 'stn_pval_plots'
  'stn_pval' 'outfile'

Functions with \usage entries need to have the appropriate \alias
entries, and all their arguments documented.
The \usage entries must correspond to syntactically valid R code.
See chapter 'Writing R documentation files' in the 'Writing R
Extensions' manual.
* checking Rd contents ... OK
* checking for unstated dependencies in examples ... OK
* checking examples ... NONE
* checking PDF version of manual ... OK
* DONE
Status: 1 WARNING, 2 NOTEs
